<?xml version="1.0" encoding="UTF-8"?>
<!-- Generated by org.testng.reporters.JUnitReportReporter -->
<testsuite skipped="0" hostname="DESKTOP-LSE61ES" name="testcases.SeleniumTest" tests="2" failures="0" timestamp="12 Feb 2018 20:35:43 GMT" time="0.000" errors="0">
  <testcase name="elementsUI" time="0.000" classname="testcases.SeleniumTest"/>
  <testcase name="BrowserAutamation" time="0.000" classname="testcases.SeleniumTest"/>
</testsuite> <!-- testcases.SeleniumTest -->
