<?xml version="1.0" encoding="UTF-8"?>
<!-- Generated by org.testng.reporters.JUnitReportReporter -->
<testsuite skipped="0" hostname="DESKTOP-LSE61ES" name="testcases.RESTAPITest" tests="2" failures="0" timestamp="12 Feb 2018 20:35:43 GMT" time="0.004" errors="0">
  <testcase name="postJira" time="0.000" classname="testcases.RESTAPITest"/>
  <testcase name="deleteTwitter" time="0.004" classname="testcases.RESTAPITest"/>
</testsuite> <!-- testcases.RESTAPITest -->
