<?xml version="1.0" encoding="UTF-8"?>
<!-- Generated by org.testng.reporters.JUnitReportReporter -->
<testsuite skipped="0" hostname="DESKTOP-LSE61ES" name="testcases.MojaKlasaTest" tests="1" failures="0" timestamp="12 Feb 2018 20:35:43 GMT" time="7.161" errors="0">
  <testcase name="MojaKlasa" time="7.161" classname="testcases.MojaKlasaTest"/>
</testsuite> <!-- testcases.MojaKlasaTest -->
